# JRE version: Java(TM) SE Runtime Environment (8.0_92-b14) (build 1.8.0_92-b14)
# Java VM: Java HotSpot(TM) 64-Bit Server VM (25.92-b14 mixed mode windows-amd64 compressed oops)
Heap:
 PSYoungGen      total 233984K, used 215604K [0x0000000717700000, 0x000000072ca80000, 0x00000007c0000000)
  eden space 227328K, 91% used [0x0000000717700000,0x0000000724333d28,0x0000000725500000)
  from space 6656K, 97% used [0x000000072c400000,0x000000072ca593f8,0x000000072ca80000)
  to   space 17408K, 0% used [0x000000072a880000,0x000000072a880000,0x000000072b980000)
 ParOldGen       total 305152K, used 21515K [0x00000005c6400000, 0x00000005d8e00000, 0x0000000717700000)
  object space 305152K, 7% used [0x00000005c6400000,0x00000005c7902cf0,0x00000005d8e00000)
 Metaspace       used 42296K, capacity 42804K, committed 43520K, reserved 1087488K
  class space    used 5330K, capacity 5513K, committed 5632K, reserved 1048576K
GC Heap History (10 events):
Event: 2283.970 GC heap before
{Heap before GC invocations=12 (full 2):
 PSYoungGen      total 260096K, used 259707K [0x0000000717700000, 0x000000072f880000, 0x00000007c0000000)
  eden space 253952K, 99% used [0x0000000717700000,0x0000000726ed1ef0,0x0000000726f00000)
  from space 6144K, 96% used [0x000000072d980000,0x000000072df4ce78,0x000000072df80000)
  to   space 18944K, 0% used [0x000000072e600000,0x000000072e600000,0x000000072f880000)
 ParOldGen       total 305152K, used 21475K [0x00000005c6400000, 0x00000005d8e00000, 0x0000000717700000)
  object space 305152K, 7% used [0x00000005c6400000,0x00000005c78f8cf0,0x00000005d8e00000)
 Metaspace       used 41832K, capacity 42356K, committed 43008K, reserved 1087488K
  class space    used 5329K, capacity 5513K, committed 5632K, reserved 1048576K
Event: 2283.975 GC heap after
Heap after GC invocations=12 (full 2):
 PSYoungGen      total 254464K, used 5945K [0x0000000717700000, 0x000000072ec00000, 0x00000007c0000000)
  eden space 248320K, 0% used [0x0000000717700000,0x0000000717700000,0x0000000726980000)
  from space 6144K, 96% used [0x000000072e600000,0x000000072ebce640,0x000000072ec00000)
  to   space 18944K, 0% used [0x000000072c700000,0x000000072c700000,0x000000072d980000)
 ParOldGen       total 305152K, used 21483K [0x00000005c6400000, 0x00000005d8e00000, 0x0000000717700000)
  object space 305152K, 7% used [0x00000005c6400000,0x00000005c78facf0,0x00000005d8e00000)
 Metaspace       used 41832K, capacity 42356K, committed 43008K, reserved 1087488K
  class space    used 5329K, capacity 5513K, committed 5632K, reserved 1048576K
}
Event: 2379.386 GC heap before
{Heap before GC invocations=13 (full 2):
 PSYoungGen      total 254464K, used 254263K [0x0000000717700000, 0x000000072ec00000, 0x00000007c0000000)
  eden space 248320K, 99% used [0x0000000717700000,0x000000072697f930,0x0000000726980000)
  from space 6144K, 96% used [0x000000072e600000,0x000000072ebce640,0x000000072ec00000)
  to   space 18944K, 0% used [0x000000072c700000,0x000000072c700000,0x000000072d980000)
 ParOldGen       total 305152K, used 21483K [0x00000005c6400000, 0x00000005d8e00000, 0x0000000717700000)
  object space 305152K, 7% used [0x00000005c6400000,0x00000005c78facf0,0x00000005d8e00000)
 Metaspace       used 41934K, capacity 42420K, committed 43008K, reserved 1087488K
  class space    used 5329K, capacity 5513K, committed 5632K, reserved 1048576K
Event: 2379.392 GC heap after
Heap after GC invocations=13 (full 2):
 PSYoungGen      total 250368K, used 7168K [0x0000000717700000, 0x000000072e680000, 0x00000007c0000000)
  eden space 242688K, 0% used [0x0000000717700000,0x0000000717700000,0x0000000726400000)
  from space 7680K, 93% used [0x000000072c700000,0x000000072ce00178,0x000000072ce80000)
  to   space 18432K, 0% used [0x000000072d480000,0x000000072d480000,0x000000072e680000)
 ParOldGen       total 305152K, used 21491K [0x00000005c6400000, 0x00000005d8e00000, 0x0000000717700000)
  object space 305152K, 7% used [0x00000005c6400000,0x00000005c78fccf0,0x00000005d8e00000)
 Metaspace       used 41934K, capacity 42420K, committed 43008K, reserved 1087488K
  class space    used 5329K, capacity 5513K, committed 5632K, reserved 1048576K
}
Event: 2466.579 GC heap before
{Heap before GC invocations=14 (full 2):
 PSYoungGen      total 250368K, used 249511K [0x0000000717700000, 0x000000072e680000, 0x00000007c0000000)
  eden space 242688K, 99% used [0x0000000717700000,0x00000007263a9d60,0x0000000726400000)
  from space 7680K, 93% used [0x000000072c700000,0x000000072ce00178,0x000000072ce80000)
  to   space 18432K, 0% used [0x000000072d480000,0x000000072d480000,0x000000072e680000)
 ParOldGen       total 305152K, used 21491K [0x00000005c6400000, 0x00000005d8e00000, 0x0000000717700000)
  object space 305152K, 7% used [0x00000005c6400000,0x00000005c78fccf0,0x00000005d8e00000)
 Metaspace       used 42051K, capacity 42484K, committed 43008K, reserved 1087488K
  class space    used 5329K, capacity 5513K, committed 5632K, reserved 1048576K
Event: 2466.586 GC heap after
Heap after GC invocations=14 (full 2):
 PSYoungGen      total 244224K, used 6548K [0x0000000717700000, 0x000000072db00000, 0x00000007c0000000)
  eden space 237568K, 0% used [0x0000000717700000,0x0000000717700000,0x0000000725f00000)
  from space 6656K, 98% used [0x000000072d480000,0x000000072dae50c8,0x000000072db00000)
  to   space 17920K, 0% used [0x000000072b800000,0x000000072b800000,0x000000072c980000)
 ParOldGen       total 305152K, used 21499K [0x00000005c6400000, 0x00000005d8e00000, 0x0000000717700000)
  object space 305152K, 7% used [0x00000005c6400000,0x00000005c78fecf0,0x00000005d8e00000)
 Metaspace       used 42051K, capacity 42484K, committed 43008K, reserved 1087488K
  class space    used 5329K, capacity 5513K, committed 5632K, reserved 1048576K
}
Event: 2567.428 GC heap before
{Heap before GC invocations=15 (full 2):
 PSYoungGen      total 244224K, used 243354K [0x0000000717700000, 0x000000072db00000, 0x00000007c0000000)
  eden space 237568K, 99% used [0x0000000717700000,0x0000000725e419d8,0x0000000725f00000)
  from space 6656K, 98% used [0x000000072d480000,0x000000072dae50c8,0x000000072db00000)
  to   space 17920K, 0% used [0x000000072b800000,0x000000072b800000,0x000000072c980000)
 ParOldGen       total 305152K, used 21499K [0x00000005c6400000, 0x00000005d8e00000, 0x0000000717700000)
  object space 305152K, 7% used [0x00000005c6400000,0x00000005c78fecf0,0x00000005d8e00000)
 Metaspace       used 42077K, capacity 42548K, committed 43264K, reserved 1087488K
  class space    used 5329K, capacity 5513K, committed 5632K, reserved 1048576K
Event: 2567.433 GC heap after
Heap after GC invocations=15 (full 2):
 PSYoungGen      total 239104K, used 6316K [0x0000000717700000, 0x000000072d500000, 0x00000007c0000000)
  eden space 232448K, 0% used [0x0000000717700000,0x0000000717700000,0x0000000725a00000)
  from space 6656K, 94% used [0x000000072b800000,0x000000072be2b030,0x000000072be80000)
  to   space 17408K, 0% used [0x000000072c400000,0x000000072c400000,0x000000072d500000)
 ParOldGen       total 305152K, used 21507K [0x00000005c6400000, 0x00000005d8e00000, 0x0000000717700000)
  object space 305152K, 7% used [0x00000005c6400000,0x00000005c7900cf0,0x00000005d8e00000)
 Metaspace       used 42077K, capacity 42548K, committed 43264K, reserved 1087488K
  class space    used 5329K, capacity 5513K, committed 5632K, reserved 1048576K
}
Event: 2678.014 GC heap before
{Heap before GC invocations=16 (full 2):
 PSYoungGen      total 239104K, used 238422K [0x0000000717700000, 0x000000072d500000, 0x00000007c0000000)
  eden space 232448K, 99% used [0x0000000717700000,0x00000007259aab50,0x0000000725a00000)
  from space 6656K, 94% used [0x000000072b800000,0x000000072be2b030,0x000000072be80000)
  to   space 17408K, 0% used [0x000000072c400000,0x000000072c400000,0x000000072d500000)
 ParOldGen       total 305152K, used 21507K [0x00000005c6400000, 0x00000005d8e00000, 0x0000000717700000)
  object space 305152K, 7% used [0x00000005c6400000,0x00000005c7900cf0,0x00000005d8e00000)
 Metaspace       used 42111K, capacity 42548K, committed 43264K, reserved 1087488K
  class space    used 5330K, capacity 5513K, committed 5632K, reserved 1048576K
Event: 2678.019 GC heap after
Heap after GC invocations=16 (full 2):
 PSYoungGen      total 233984K, used 6500K [0x0000000717700000, 0x000000072ca80000, 0x00000007c0000000)
  eden space 227328K, 0% used [0x0000000717700000,0x0000000717700000,0x0000000725500000)
  from space 6656K, 97% used [0x000000072c400000,0x000000072ca593f8,0x000000072ca80000)
  to   space 17408K, 0% used [0x000000072a880000,0x000000072a880000,0x000000072b980000)
 ParOldGen       total 305152K, used 21515K [0x00000005c6400000, 0x00000005d8e00000, 0x0000000717700000)
  object space 305152K, 7% used [0x00000005c6400000,0x00000005c7902cf0,0x00000005d8e00000)
 Metaspace       used 42111K, capacity 42548K, committed 43264K, reserved 1087488K
  class space    used 5330K, capacity 5513K, committed 5632K, reserved 1048576K
}

